2025-08-31 18:22:13.169 | INFO     | utils.utils_logger:<module>:38 - Logging to file: logs\project_log.log
2025-08-31 18:22:13.170 | INFO     | __main__:main:106 - START producer...
2025-08-31 18:22:13.170 | INFO     | __main__:main:107 - Hit CTRL c (or CMD c) to close.
2025-08-31 18:22:13.171 | INFO     | __main__:get_message_interval:53 - Messages will be sent every 3 seconds.
2025-08-31 18:22:13.171 | INFO     | __main__:main:114 - I just loved a trick! It was weird.
2025-08-31 18:22:16.172 | INFO     | __main__:main:114 - I just found an app! It was boring.
2025-08-31 18:22:19.172 | INFO     | __main__:main:114 - I just loved a story! It was weird.
2025-08-31 18:22:22.176 | INFO     | __main__:main:114 - I just tried a movie! It was amazing.
2025-08-31 18:22:25.176 | INFO     | __main__:main:114 - I just saw a movie! It was exciting.
2025-08-31 18:22:28.177 | INFO     | __main__:main:114 - I just tried a trick! It was funny.
2025-08-31 18:22:31.178 | INFO     | __main__:main:114 - I just found a trick! It was boring.
2025-08-31 18:22:34.179 | INFO     | __main__:main:114 - I just saw a story! It was weird.
2025-08-31 18:22:37.181 | INFO     | __main__:main:114 - I just found a story! It was funny.
2025-08-31 18:22:40.181 | INFO     | __main__:main:114 - I just found a story! It was boring.
2025-08-31 18:22:43.182 | INFO     | __main__:main:114 - I just found a story! It was weird.
2025-08-31 18:22:46.184 | INFO     | __main__:main:114 - I just shared a trick! It was amazing.
2025-08-31 18:22:49.186 | INFO     | __main__:main:114 - I just found a meme! It was exciting.
2025-08-31 18:22:52.187 | INFO     | __main__:main:114 - I just tried a meme! It was weird.
2025-08-31 18:22:55.188 | INFO     | __main__:main:114 - I just shared a trick! It was exciting.
2025-08-31 18:22:58.188 | INFO     | __main__:main:114 - I just saw a trick! It was weird.
2025-08-31 18:23:01.189 | INFO     | __main__:main:114 - I just tried a trick! It was exciting.
2025-08-31 18:23:04.190 | INFO     | __main__:main:114 - I just found a story! It was exciting.
2025-08-31 18:23:07.190 | INFO     | __main__:main:114 - I just loved a meme! It was exciting.
2025-08-31 18:23:10.192 | INFO     | __main__:main:114 - I just loved a movie! It was weird.
2025-08-31 18:23:13.194 | INFO     | __main__:main:114 - I just saw a movie! It was funny.
2025-08-31 18:23:16.195 | INFO     | __main__:main:114 - I just saw a story! It was funny.
2025-08-31 18:23:19.196 | INFO     | __main__:main:114 - I just shared a trick! It was boring.
2025-08-31 18:23:22.197 | INFO     | __main__:main:114 - I just saw a story! It was exciting.
2025-08-31 18:23:25.198 | INFO     | __main__:main:114 - I just tried an app! It was amazing.
2025-08-31 18:23:28.199 | INFO     | __main__:main:114 - I just found a meme! It was boring.
2025-08-31 18:23:31.200 | INFO     | __main__:main:114 - I just found a story! It was weird.
2025-08-31 18:23:34.201 | INFO     | __main__:main:114 - I just found an app! It was amazing.
2025-08-31 18:23:37.204 | INFO     | __main__:main:114 - I just saw a trick! It was exciting.
2025-08-31 18:23:40.205 | INFO     | __main__:main:114 - I just saw a movie! It was amazing.
2025-08-31 18:23:43.206 | INFO     | __main__:main:114 - I just found a story! It was exciting.
2025-08-31 18:23:46.207 | INFO     | __main__:main:114 - I just loved a trick! It was exciting.
2025-08-31 18:23:49.209 | INFO     | __main__:main:114 - I just found an app! It was funny.
2025-08-31 18:23:52.210 | INFO     | __main__:main:114 - I just shared a trick! It was funny.
2025-08-31 18:23:55.210 | INFO     | __main__:main:114 - I just found a meme! It was exciting.
2025-08-31 18:23:58.213 | INFO     | __main__:main:114 - I just saw a movie! It was boring.
2025-08-31 18:24:01.215 | INFO     | __main__:main:114 - I just tried an app! It was boring.
2025-08-31 18:24:04.218 | INFO     | __main__:main:114 - I just shared a trick! It was boring.
2025-08-31 18:24:07.220 | INFO     | __main__:main:114 - I just found an app! It was boring.
2025-08-31 18:24:10.222 | INFO     | __main__:main:114 - I just found an app! It was weird.
2025-08-31 18:24:13.224 | INFO     | __main__:main:114 - I just shared an app! It was weird.
2025-08-31 18:24:16.227 | INFO     | __main__:main:114 - I just tried a movie! It was exciting.
2025-08-31 18:24:19.227 | INFO     | __main__:main:114 - I just shared an app! It was funny.
2025-08-31 18:24:22.228 | INFO     | __main__:main:114 - I just shared an app! It was amazing.
2025-08-31 18:24:25.229 | INFO     | __main__:main:114 - I just saw a meme! It was boring.
2025-08-31 18:24:28.229 | INFO     | __main__:main:114 - I just saw an app! It was exciting.
2025-08-31 18:24:31.230 | INFO     | __main__:main:114 - I just tried a story! It was amazing.
2025-08-31 18:24:34.232 | INFO     | __main__:main:114 - I just shared a story! It was boring.
2025-08-31 18:24:37.235 | INFO     | __main__:main:114 - I just found a trick! It was boring.
2025-08-31 18:24:40.236 | INFO     | __main__:main:114 - I just tried a movie! It was amazing.
2025-08-31 18:24:43.238 | INFO     | __main__:main:114 - I just shared a story! It was boring.
2025-08-31 18:24:46.240 | INFO     | __main__:main:114 - I just loved a movie! It was weird.
2025-08-31 18:24:49.240 | INFO     | __main__:main:114 - I just found a trick! It was exciting.
2025-08-31 18:24:52.241 | INFO     | __main__:main:114 - I just tried a meme! It was weird.
2025-08-31 18:24:55.244 | INFO     | __main__:main:114 - I just loved a meme! It was weird.
2025-08-31 18:24:58.245 | INFO     | __main__:main:114 - I just tried an app! It was funny.
2025-08-31 18:25:01.245 | INFO     | __main__:main:114 - I just loved a story! It was amazing.
2025-08-31 18:25:04.246 | INFO     | __main__:main:114 - I just found a trick! It was funny.
2025-08-31 18:25:07.248 | INFO     | __main__:main:114 - I just saw a movie! It was funny.
2025-08-31 18:25:10.248 | INFO     | __main__:main:114 - I just shared a movie! It was weird.
2025-08-31 18:25:13.249 | INFO     | __main__:main:114 - I just shared a trick! It was funny.
2025-08-31 18:25:16.250 | INFO     | __main__:main:114 - I just loved an app! It was boring.
2025-08-31 18:25:19.252 | INFO     | __main__:main:114 - I just found an app! It was funny.
2025-08-31 18:25:22.253 | INFO     | __main__:main:114 - I just shared a meme! It was funny.
2025-08-31 18:25:25.254 | INFO     | __main__:main:114 - I just saw a story! It was funny.
2025-08-31 18:25:28.261 | INFO     | __main__:main:114 - I just tried an app! It was boring.
2025-08-31 18:25:31.263 | INFO     | __main__:main:114 - I just loved a movie! It was weird.
2025-08-31 18:25:34.265 | INFO     | __main__:main:114 - I just tried a movie! It was weird.
2025-08-31 18:25:37.266 | INFO     | __main__:main:114 - I just saw a meme! It was weird.
2025-08-31 18:25:40.267 | INFO     | __main__:main:114 - I just loved a meme! It was funny.
2025-08-31 18:25:43.267 | INFO     | __main__:main:114 - I just saw an app! It was amazing.
2025-08-31 18:25:46.269 | INFO     | __main__:main:114 - I just loved a trick! It was amazing.
2025-08-31 18:25:49.271 | INFO     | __main__:main:114 - I just shared a trick! It was exciting.
2025-08-31 18:25:52.272 | INFO     | __main__:main:114 - I just found a story! It was boring.
2025-08-31 18:25:55.273 | INFO     | __main__:main:114 - I just saw a meme! It was weird.
2025-08-31 18:25:58.274 | INFO     | __main__:main:114 - I just shared a trick! It was amazing.
2025-08-31 18:26:01.275 | INFO     | __main__:main:114 - I just found a story! It was exciting.
2025-08-31 18:26:04.276 | INFO     | __main__:main:114 - I just shared an app! It was amazing.
2025-08-31 18:26:07.277 | INFO     | __main__:main:114 - I just found a meme! It was exciting.
2025-08-31 18:26:10.278 | INFO     | __main__:main:114 - I just tried a story! It was amazing.
2025-08-31 18:26:13.279 | INFO     | __main__:main:114 - I just saw a movie! It was funny.
2025-08-31 18:26:16.280 | INFO     | __main__:main:114 - I just shared an app! It was weird.
2025-08-31 18:26:19.284 | INFO     | __main__:main:114 - I just found a meme! It was funny.
2025-08-31 18:26:22.288 | INFO     | __main__:main:114 - I just tried a movie! It was funny.
2025-08-31 18:26:25.289 | INFO     | __main__:main:114 - I just tried a story! It was weird.
2025-08-31 18:26:28.290 | INFO     | __main__:main:114 - I just saw an app! It was boring.
2025-08-31 18:26:31.294 | INFO     | __main__:main:114 - I just found a trick! It was funny.
2025-08-31 18:26:34.306 | INFO     | __main__:main:114 - I just loved a trick! It was amazing.
2025-08-31 18:26:37.331 | INFO     | __main__:main:114 - I just tried a movie! It was funny.
2025-08-31 18:26:40.334 | INFO     | __main__:main:114 - I just saw a trick! It was weird.
2025-08-31 18:26:43.337 | INFO     | __main__:main:114 - I just saw a story! It was weird.
2025-08-31 18:26:46.338 | INFO     | __main__:main:114 - I just loved a story! It was boring.
2025-08-31 18:26:49.339 | INFO     | __main__:main:114 - I just loved a movie! It was amazing.
2025-08-31 18:26:52.341 | INFO     | __main__:main:114 - I just tried a trick! It was exciting.
2025-08-31 18:26:55.342 | INFO     | __main__:main:114 - I just shared a story! It was funny.
2025-08-31 18:26:58.344 | INFO     | __main__:main:114 - I just tried a trick! It was amazing.
2025-08-31 18:27:01.346 | INFO     | __main__:main:114 - I just found a meme! It was weird.
2025-08-31 18:27:04.348 | INFO     | __main__:main:114 - I just tried a movie! It was amazing.
2025-08-31 18:27:07.348 | INFO     | __main__:main:114 - I just tried a trick! It was boring.
2025-08-31 18:27:10.349 | INFO     | __main__:main:114 - I just tried a story! It was funny.
2025-08-31 18:27:13.351 | INFO     | __main__:main:114 - I just found an app! It was weird.
2025-08-31 18:27:16.351 | INFO     | __main__:main:114 - I just loved a meme! It was boring.
2025-08-31 18:27:19.352 | INFO     | __main__:main:114 - I just shared a story! It was weird.
2025-08-31 18:27:22.353 | INFO     | __main__:main:114 - I just shared a story! It was amazing.
2025-08-31 18:27:25.355 | INFO     | __main__:main:114 - I just loved an app! It was weird.
2025-08-31 18:27:28.357 | INFO     | __main__:main:114 - I just tried a movie! It was weird.
2025-08-31 18:27:31.357 | INFO     | __main__:main:114 - I just shared a movie! It was weird.
2025-08-31 18:27:34.359 | INFO     | __main__:main:114 - I just loved an app! It was exciting.
2025-08-31 18:27:37.360 | INFO     | __main__:main:114 - I just found a trick! It was exciting.
2025-08-31 18:27:40.361 | INFO     | __main__:main:114 - I just tried a trick! It was boring.
2025-08-31 18:27:43.363 | INFO     | __main__:main:114 - I just saw a meme! It was exciting.
2025-08-31 18:27:46.363 | INFO     | __main__:main:114 - I just loved a movie! It was exciting.
2025-08-31 18:27:49.364 | INFO     | __main__:main:114 - I just loved an app! It was weird.
2025-08-31 18:27:52.365 | INFO     | __main__:main:114 - I just found a meme! It was amazing.
2025-08-31 18:27:55.366 | INFO     | __main__:main:114 - I just shared a meme! It was weird.
2025-08-31 18:27:58.368 | INFO     | __main__:main:114 - I just loved a story! It was weird.
2025-08-31 18:28:01.368 | INFO     | __main__:main:114 - I just tried a meme! It was amazing.
2025-08-31 18:28:04.370 | INFO     | __main__:main:114 - I just saw a movie! It was boring.
2025-08-31 18:28:07.372 | INFO     | __main__:main:114 - I just shared a trick! It was amazing.
2025-08-31 18:28:10.373 | INFO     | __main__:main:114 - I just loved an app! It was amazing.
2025-08-31 18:28:13.376 | INFO     | __main__:main:114 - I just saw a trick! It was funny.
2025-08-31 18:28:16.377 | INFO     | __main__:main:114 - I just saw a movie! It was funny.
2025-08-31 18:28:19.380 | INFO     | __main__:main:114 - I just loved a trick! It was exciting.
2025-08-31 18:28:22.380 | INFO     | __main__:main:114 - I just shared a movie! It was weird.
2025-08-31 18:28:25.381 | INFO     | __main__:main:114 - I just loved a story! It was boring.
2025-08-31 18:28:28.382 | INFO     | __main__:main:114 - I just tried a story! It was amazing.
2025-08-31 18:28:31.383 | INFO     | __main__:main:114 - I just loved a story! It was exciting.
2025-08-31 18:28:34.384 | INFO     | __main__:main:114 - I just found a movie! It was boring.
2025-08-31 18:28:37.384 | INFO     | __main__:main:114 - I just saw a movie! It was funny.
2025-08-31 18:28:40.385 | INFO     | __main__:main:114 - I just found a meme! It was boring.
2025-08-31 18:28:43.386 | INFO     | __main__:main:114 - I just found a movie! It was boring.
2025-08-31 18:28:46.388 | INFO     | __main__:main:114 - I just loved a trick! It was funny.
2025-08-31 18:28:49.388 | INFO     | __main__:main:114 - I just tried an app! It was boring.
2025-08-31 18:28:52.390 | INFO     | __main__:main:114 - I just shared a story! It was funny.
2025-08-31 18:28:55.392 | INFO     | __main__:main:114 - I just tried a movie! It was funny.
2025-08-31 18:28:58.393 | INFO     | __main__:main:114 - I just tried a story! It was boring.
2025-08-31 18:29:01.395 | INFO     | __main__:main:114 - I just saw an app! It was amazing.
2025-08-31 18:29:04.395 | INFO     | __main__:main:114 - I just tried an app! It was amazing.
2025-08-31 18:29:07.396 | INFO     | __main__:main:114 - I just found a story! It was funny.
2025-08-31 18:29:10.398 | INFO     | __main__:main:114 - I just found a movie! It was weird.
2025-08-31 18:29:13.401 | INFO     | __main__:main:114 - I just shared a movie! It was exciting.
2025-08-31 18:29:16.403 | INFO     | __main__:main:114 - I just shared an app! It was weird.
2025-08-31 18:29:19.404 | INFO     | __main__:main:114 - I just shared a story! It was exciting.
2025-08-31 18:29:22.406 | INFO     | __main__:main:114 - I just found a movie! It was funny.
2025-08-31 18:29:25.410 | INFO     | __main__:main:114 - I just shared a meme! It was weird.
2025-08-31 18:29:28.411 | INFO     | __main__:main:114 - I just saw a story! It was funny.
2025-08-31 18:29:31.412 | INFO     | __main__:main:114 - I just loved a meme! It was boring.
2025-08-31 18:29:34.413 | INFO     | __main__:main:114 - I just found a trick! It was weird.
2025-08-31 18:29:37.414 | INFO     | __main__:main:114 - I just saw a trick! It was amazing.
2025-08-31 18:29:40.415 | INFO     | __main__:main:114 - I just loved a meme! It was amazing.
2025-08-31 18:29:43.418 | INFO     | __main__:main:114 - I just found a movie! It was amazing.
2025-08-31 18:29:46.421 | INFO     | __main__:main:114 - I just tried a movie! It was amazing.
2025-08-31 18:29:49.422 | INFO     | __main__:main:114 - I just loved a movie! It was weird.
2025-08-31 18:29:52.422 | INFO     | __main__:main:114 - I just tried a meme! It was weird.
2025-08-31 18:29:55.423 | INFO     | __main__:main:114 - I just shared a trick! It was amazing.
2025-08-31 18:29:58.426 | INFO     | __main__:main:114 - I just saw a story! It was boring.
2025-08-31 18:30:01.428 | INFO     | __main__:main:114 - I just tried an app! It was boring.
2025-08-31 18:30:04.429 | INFO     | __main__:main:114 - I just tried an app! It was boring.
2025-08-31 18:30:07.430 | INFO     | __main__:main:114 - I just saw an app! It was boring.
2025-08-31 18:30:10.434 | INFO     | __main__:main:114 - I just tried an app! It was weird.
2025-08-31 18:30:13.435 | INFO     | __main__:main:114 - I just loved a story! It was exciting.
2025-08-31 18:30:16.436 | INFO     | __main__:main:114 - I just found a story! It was boring.
2025-08-31 18:30:19.437 | INFO     | __main__:main:114 - I just found a movie! It was funny.
2025-08-31 18:30:22.437 | INFO     | __main__:main:114 - I just loved a trick! It was boring.
2025-08-31 18:30:25.439 | INFO     | __main__:main:114 - I just shared an app! It was funny.
2025-08-31 18:30:28.445 | INFO     | __main__:main:114 - I just saw a story! It was amazing.
2025-08-31 18:30:31.447 | INFO     | __main__:main:114 - I just loved an app! It was funny.
2025-08-31 18:30:34.449 | INFO     | __main__:main:114 - I just saw a meme! It was funny.
2025-08-31 18:30:37.452 | INFO     | __main__:main:114 - I just saw a trick! It was amazing.
2025-08-31 18:30:40.456 | INFO     | __main__:main:114 - I just shared an app! It was amazing.
2025-08-31 18:30:43.460 | INFO     | __main__:main:114 - I just tried an app! It was boring.
2025-08-31 18:30:46.463 | INFO     | __main__:main:114 - I just found a meme! It was amazing.
2025-08-31 18:30:49.464 | INFO     | __main__:main:114 - I just shared a trick! It was boring.
2025-08-31 18:30:52.467 | INFO     | __main__:main:114 - I just saw a story! It was amazing.
2025-08-31 18:30:55.468 | INFO     | __main__:main:114 - I just found a story! It was boring.
2025-08-31 18:30:58.469 | INFO     | __main__:main:114 - I just shared a meme! It was boring.
2025-08-31 18:31:01.470 | INFO     | __main__:main:114 - I just shared an app! It was boring.
2025-08-31 18:31:04.475 | INFO     | __main__:main:114 - I just found an app! It was boring.
2025-08-31 18:31:07.476 | INFO     | __main__:main:114 - I just found a trick! It was exciting.
2025-08-31 18:31:10.477 | INFO     | __main__:main:114 - I just found a story! It was amazing.
2025-08-31 18:31:13.479 | INFO     | __main__:main:114 - I just shared an app! It was boring.
2025-08-31 18:31:16.485 | INFO     | __main__:main:114 - I just saw an app! It was boring.
2025-08-31 18:31:19.487 | INFO     | __main__:main:114 - I just found a movie! It was funny.
2025-08-31 18:31:22.488 | INFO     | __main__:main:114 - I just tried a story! It was funny.
2025-08-31 18:31:25.489 | INFO     | __main__:main:114 - I just saw an app! It was amazing.
2025-08-31 18:31:28.493 | INFO     | __main__:main:114 - I just loved a meme! It was funny.
2025-08-31 18:31:31.496 | INFO     | __main__:main:114 - I just saw a movie! It was boring.
2025-08-31 18:31:34.497 | INFO     | __main__:main:114 - I just shared a trick! It was amazing.
2025-08-31 18:31:37.498 | INFO     | __main__:main:114 - I just saw a story! It was exciting.
2025-08-31 18:31:40.502 | INFO     | __main__:main:114 - I just shared a trick! It was funny.
2025-08-31 18:31:43.506 | INFO     | __main__:main:114 - I just found a trick! It was weird.
2025-08-31 18:31:46.508 | INFO     | __main__:main:114 - I just tried a movie! It was funny.
2025-08-31 18:31:49.509 | INFO     | __main__:main:114 - I just found a trick! It was weird.
2025-08-31 18:31:52.510 | INFO     | __main__:main:114 - I just saw a story! It was boring.
2025-08-31 18:31:55.512 | INFO     | __main__:main:114 - I just saw a movie! It was weird.
2025-08-31 18:31:58.519 | INFO     | __main__:main:114 - I just tried an app! It was boring.
2025-08-31 18:32:01.521 | INFO     | __main__:main:114 - I just loved a movie! It was amazing.
2025-08-31 18:32:04.521 | INFO     | __main__:main:114 - I just shared an app! It was boring.
2025-08-31 18:32:07.526 | INFO     | __main__:main:114 - I just shared a trick! It was funny.
2025-08-31 18:32:10.527 | INFO     | __main__:main:114 - I just saw an app! It was amazing.
2025-08-31 18:32:13.529 | INFO     | __main__:main:114 - I just shared a trick! It was amazing.
2025-08-31 18:40:27.295 | INFO     | utils.utils_logger:<module>:38 - Logging to file: logs\project_log.log
2025-08-31 18:40:27.295 | INFO     | __main__:main:68 - START...
2025-08-31 18:40:27.295 | INFO     | __main__:main:74 - Reading file located at logs\project_log.log.
2025-08-31 18:41:10.572 | INFO     | __main__:main:85 - END.....
2025-08-31 19:19:53.217 | INFO     | utils.utils_logger:<module>:38 - Logging to file: logs\project_log.log
2025-08-31 19:19:53.218 | INFO     | __main__:main:68 - START...
2025-08-31 19:19:53.218 | INFO     | __main__:main:74 - Reading file located at logs\project_log.log.
2025-08-31 19:20:40.509 | INFO     | __main__:main:85 - END.....
2025-08-31 19:22:41.129 | INFO     | utils.utils_logger:<module>:38 - Logging to file: logs\project_log.log
2025-08-31 19:22:41.130 | INFO     | __main__:main:106 - START producer...
2025-08-31 19:22:41.131 | INFO     | __main__:main:107 - Hit CTRL c (or CMD c) to close.
2025-08-31 19:22:41.131 | INFO     | __main__:get_message_interval:53 - Messages will be sent every 3 seconds.
2025-08-31 19:22:41.131 | INFO     | __main__:main:114 - I just found a meme! It was funny.
2025-08-31 19:22:44.132 | INFO     | __main__:main:114 - I just shared a meme! It was funny.
2025-08-31 19:22:47.134 | INFO     | __main__:main:114 - I just found an app! It was boring.
2025-08-31 19:22:50.135 | INFO     | __main__:main:114 - I just saw a meme! It was boring.
2025-08-31 19:22:53.137 | INFO     | __main__:main:114 - I just found a meme! It was boring.
2025-08-31 19:22:56.138 | INFO     | __main__:main:114 - I just shared a meme! It was exciting.
2025-08-31 19:22:59.140 | INFO     | __main__:main:114 - I just shared a meme! It was funny.
2025-08-31 19:23:02.142 | INFO     | __main__:main:114 - I just found a story! It was funny.
2025-08-31 19:23:05.145 | INFO     | __main__:main:114 - I just shared a meme! It was boring.
2025-08-31 19:23:08.147 | INFO     | __main__:main:114 - I just tried a meme! It was weird.
2025-08-31 19:23:11.149 | INFO     | __main__:main:114 - I just shared an app! It was exciting.
2025-08-31 19:23:11.444 | INFO     | utils.utils_logger:<module>:38 - Logging to file: logs\project_log.log
2025-08-31 19:23:11.445 | INFO     | __main__:main:106 - START producer...
2025-08-31 19:23:11.445 | INFO     | __main__:main:107 - Hit CTRL c (or CMD c) to close.
2025-08-31 19:23:11.445 | INFO     | __main__:get_message_interval:53 - Messages will be sent every 3 seconds.
2025-08-31 19:23:11.445 | INFO     | __main__:main:114 - I just saw a trick! It was amazing.
2025-08-31 19:23:14.152 | INFO     | __main__:main:114 - I just shared an app! It was amazing.
2025-08-31 19:23:14.446 | INFO     | __main__:main:114 - I just tried an app! It was funny.
2025-08-31 19:23:17.154 | INFO     | __main__:main:114 - I just loved an app! It was funny.
2025-08-31 19:23:17.448 | INFO     | __main__:main:114 - I just saw a movie! It was boring.
2025-08-31 19:23:20.156 | INFO     | __main__:main:114 - I just loved a movie! It was boring.
2025-08-31 19:23:20.451 | INFO     | __main__:main:114 - I just shared a meme! It was weird.
2025-08-31 19:23:23.158 | INFO     | __main__:main:114 - I just shared a story! It was weird.
2025-08-31 19:23:23.454 | INFO     | __main__:main:114 - I just found a movie! It was funny.
2025-08-31 19:23:26.160 | INFO     | __main__:main:114 - I just loved an app! It was exciting.
2025-08-31 19:23:29.161 | INFO     | __main__:main:114 - I just saw a story! It was boring.
2025-08-31 19:23:32.164 | INFO     | __main__:main:114 - I just shared an app! It was funny.
2025-08-31 19:23:35.167 | INFO     | __main__:main:114 - I just found a trick! It was funny.
2025-08-31 19:23:38.169 | INFO     | __main__:main:114 - I just tried a story! It was exciting.
2025-08-31 19:23:41.170 | INFO     | __main__:main:114 - I just tried an app! It was funny.
2025-08-31 19:23:44.172 | INFO     | __main__:main:114 - I just found a meme! It was weird.
2025-08-31 19:23:47.174 | INFO     | __main__:main:114 - I just found a meme! It was boring.
2025-08-31 19:23:50.175 | INFO     | __main__:main:114 - I just saw an app! It was funny.
2025-08-31 19:23:53.177 | INFO     | __main__:main:114 - I just saw a story! It was boring.
2025-08-31 19:23:56.182 | INFO     | __main__:main:114 - I just loved a movie! It was exciting.
2025-08-31 19:23:58.976 | INFO     | utils.utils_logger:<module>:38 - Logging to file: logs\project_log.log
2025-08-31 19:23:58.976 | INFO     | __main__:main:68 - START...
2025-08-31 19:23:58.976 | INFO     | __main__:main:74 - Reading file located at logs\project_log.log.
2025-08-31 19:23:59.185 | INFO     | __main__:main:114 - I just shared a trick! It was funny.
2025-08-31 19:24:02.187 | INFO     | __main__:main:114 - I just found an app! It was funny.
2025-08-31 19:24:05.190 | INFO     | __main__:main:114 - I just saw a story! It was amazing.
2025-08-31 19:24:08.193 | INFO     | __main__:main:114 - I just tried a trick! It was amazing.
2025-08-31 19:24:11.193 | INFO     | __main__:main:114 - I just shared a movie! It was weird.
2025-08-31 19:24:14.196 | INFO     | __main__:main:114 - I just loved a story! It was exciting.
2025-08-31 19:24:17.198 | INFO     | __main__:main:114 - I just shared a movie! It was funny.
2025-08-31 19:24:20.201 | INFO     | __main__:main:114 - I just shared a story! It was weird.
2025-08-31 19:24:23.204 | INFO     | __main__:main:114 - I just saw a meme! It was boring.
2025-08-31 19:24:26.206 | INFO     | __main__:main:114 - I just saw a trick! It was boring.
2025-08-31 19:24:29.209 | INFO     | __main__:main:114 - I just found a movie! It was exciting.
2025-08-31 19:24:32.211 | INFO     | __main__:main:114 - I just shared a trick! It was funny.
2025-08-31 19:24:35.212 | INFO     | __main__:main:114 - I just shared a trick! It was weird.
2025-08-31 19:24:38.214 | INFO     | __main__:main:114 - I just found an app! It was weird.
2025-08-31 19:24:41.216 | INFO     | __main__:main:114 - I just loved a movie! It was amazing.
2025-08-31 19:25:38.843 | INFO     | utils.utils_logger:<module>:38 - Logging to file: logs\project_log.log
2025-08-31 19:25:38.844 | INFO     | __main__:main:106 - START producer...
2025-08-31 19:25:38.844 | INFO     | __main__:main:107 - Hit CTRL c (or CMD c) to close.
2025-08-31 19:25:38.844 | INFO     | __main__:get_message_interval:53 - Messages will be sent every 3 seconds.
2025-08-31 19:25:38.844 | INFO     | __main__:main:114 - I just tried a trick! It was amazing.
2025-08-31 19:25:41.846 | INFO     | __main__:main:114 - I just saw an app! It was amazing.
2025-08-31 19:25:44.848 | INFO     | __main__:main:114 - I just found a movie! It was boring.
2025-08-31 19:25:47.850 | INFO     | __main__:main:114 - I just loved a movie! It was exciting.
2025-08-31 19:25:50.851 | INFO     | __main__:main:114 - I just loved a movie! It was amazing.
2025-08-31 19:25:53.853 | INFO     | __main__:main:114 - I just saw a meme! It was amazing.
2025-08-31 19:25:56.856 | INFO     | __main__:main:114 - I just shared an app! It was weird.
2025-08-31 19:25:59.858 | INFO     | __main__:main:114 - I just tried a trick! It was funny.
2025-08-31 19:26:01.270 | INFO     | utils.utils_logger:<module>:38 - Logging to file: logs\project_log.log
2025-08-31 19:26:01.271 | INFO     | __main__:main:68 - START...
2025-08-31 19:26:01.271 | INFO     | __main__:main:74 - Reading file located at logs\project_log.log.
2025-08-31 19:26:02.860 | INFO     | __main__:main:114 - I just saw a meme! It was exciting.
2025-08-31 19:26:05.861 | INFO     | __main__:main:114 - I just saw a trick! It was funny.
2025-08-31 19:26:08.862 | INFO     | __main__:main:114 - I just tried a story! It was exciting.
2025-08-31 19:26:11.864 | INFO     | __main__:main:114 - I just shared a trick! It was boring.
2025-08-31 19:26:14.866 | INFO     | __main__:main:114 - I just shared a meme! It was funny.
2025-08-31 19:26:17.868 | INFO     | __main__:main:114 - I just saw a meme! It was exciting.
2025-08-31 19:26:20.871 | INFO     | __main__:main:114 - I just saw a story! It was amazing.
2025-08-31 19:26:23.873 | INFO     | __main__:main:114 - I just found a trick! It was exciting.
2025-08-31 19:26:26.876 | INFO     | __main__:main:114 - I just tried a trick! It was funny.
2025-08-31 19:26:29.878 | INFO     | __main__:main:114 - I just saw a meme! It was exciting.
2025-08-31 19:26:32.880 | INFO     | __main__:main:114 - I just loved an app! It was funny.
2025-08-31 19:26:35.882 | INFO     | __main__:main:114 - I just found a meme! It was boring.
2025-08-31 19:26:38.884 | INFO     | __main__:main:114 - I just loved an app! It was funny.
2025-08-31 19:26:41.887 | INFO     | __main__:main:114 - I just tried a movie! It was amazing.
2025-08-31 19:26:44.888 | INFO     | __main__:main:114 - I just found an app! It was boring.
2025-08-31 19:26:47.890 | INFO     | __main__:main:114 - I just saw a meme! It was amazing.
2025-08-31 19:26:50.891 | INFO     | __main__:main:114 - I just shared a trick! It was funny.
2025-08-31 19:26:53.892 | INFO     | __main__:main:114 - I just saw a movie! It was exciting.
2025-08-31 19:26:56.894 | INFO     | __main__:main:114 - I just shared a meme! It was exciting.
2025-08-31 19:26:59.896 | INFO     | __main__:main:114 - I just saw a movie! It was amazing.
2025-08-31 19:27:02.897 | INFO     | __main__:main:114 - I just loved a trick! It was funny.
2025-08-31 19:27:05.898 | INFO     | __main__:main:114 - I just saw a trick! It was boring.
2025-08-31 19:27:08.900 | INFO     | __main__:main:114 - I just saw an app! It was boring.
2025-08-31 19:27:11.902 | INFO     | __main__:main:114 - I just loved a trick! It was funny.
2025-08-31 19:27:13.661 | INFO     | utils.utils_logger:<module>:38 - Logging to file: logs\project_log.log
2025-08-31 19:27:13.662 | INFO     | __main__:main:68 - START...
2025-08-31 19:27:13.662 | INFO     | __main__:main:74 - Reading file located at logs\project_log.log.
2025-08-31 19:27:14.905 | INFO     | __main__:main:114 - I just found a meme! It was boring.
2025-08-31 19:27:17.906 | INFO     | __main__:main:114 - I just shared a trick! It was weird.
2025-08-31 19:27:20.908 | INFO     | __main__:main:114 - I just found a meme! It was weird.
2025-08-31 19:27:23.910 | INFO     | __main__:main:114 - I just loved a story! It was boring.
2025-08-31 19:27:26.914 | INFO     | __main__:main:114 - I just found a story! It was weird.
2025-08-31 19:27:29.917 | INFO     | __main__:main:114 - I just loved a story! It was boring.
2025-08-31 19:27:32.920 | INFO     | __main__:main:114 - I just loved an app! It was boring.
2025-08-31 19:27:35.922 | INFO     | __main__:main:114 - I just saw a story! It was exciting.
2025-08-31 19:27:38.925 | INFO     | __main__:main:114 - I just loved an app! It was boring.
2025-08-31 19:27:41.927 | INFO     | __main__:main:114 - I just saw a meme! It was amazing.
2025-08-31 19:27:44.928 | INFO     | __main__:main:114 - I just found an app! It was boring.
2025-08-31 19:27:47.929 | INFO     | __main__:main:114 - I just shared a story! It was amazing.
2025-08-31 19:27:50.932 | INFO     | __main__:main:114 - I just saw a trick! It was weird.
2025-08-31 19:27:53.933 | INFO     | __main__:main:114 - I just found a trick! It was funny.
2025-08-31 19:27:56.957 | INFO     | __main__:main:85 - END.....
2025-08-31 19:31:07.952 | INFO     | utils.utils_logger:<module>:38 - Logging to file: logs\project_log.log
2025-08-31 19:31:07.953 | INFO     | __main__:main:106 - START producer...
2025-08-31 19:31:07.953 | INFO     | __main__:main:107 - Hit CTRL c (or CMD c) to close.
2025-08-31 19:31:07.953 | INFO     | __main__:get_message_interval:53 - Messages will be sent every 3 seconds.
2025-08-31 19:31:07.954 | INFO     | __main__:main:114 - I just found an app! It was weird.
2025-08-31 19:31:10.955 | INFO     | __main__:main:114 - I just shared a meme! It was weird.
2025-08-31 19:31:13.957 | INFO     | __main__:main:114 - I just saw a meme! It was weird.
2025-08-31 19:31:16.958 | INFO     | __main__:main:114 - I just found a story! It was exciting.
2025-08-31 19:31:19.963 | INFO     | __main__:main:114 - I just found a trick! It was boring.
2025-08-31 19:31:22.966 | INFO     | __main__:main:114 - I just tried a meme! It was boring.
2025-08-31 19:31:25.969 | INFO     | __main__:main:114 - I just tried an app! It was boring.
2025-08-31 19:31:28.970 | INFO     | __main__:main:114 - I just found a story! It was weird.
2025-08-31 19:31:31.972 | INFO     | __main__:main:114 - I just loved a story! It was boring.
2025-08-31 19:31:34.974 | INFO     | __main__:main:114 - I just shared a meme! It was amazing.
2025-08-31 19:31:37.975 | INFO     | __main__:main:114 - I just shared a story! It was boring.
2025-08-31 19:31:40.976 | INFO     | __main__:main:114 - I just saw a story! It was funny.
2025-08-31 19:31:43.977 | INFO     | __main__:main:114 - I just loved a meme! It was amazing.
2025-08-31 19:31:46.979 | INFO     | __main__:main:114 - I just found a meme! It was boring.
2025-08-31 19:31:49.982 | INFO     | __main__:main:114 - I just found an app! It was weird.
2025-08-31 19:31:52.983 | INFO     | __main__:main:114 - I just tried an app! It was weird.
2025-08-31 19:31:55.984 | INFO     | __main__:main:114 - I just found a meme! It was weird.
2025-08-31 19:31:58.986 | INFO     | __main__:main:114 - I just loved a trick! It was boring.
2025-08-31 19:32:01.989 | INFO     | __main__:main:114 - I just loved a movie! It was exciting.
2025-08-31 19:32:04.993 | INFO     | __main__:main:114 - I just found a trick! It was exciting.
2025-08-31 19:32:07.996 | INFO     | __main__:main:114 - I just tried a movie! It was boring.
2025-08-31 19:32:10.997 | INFO     | __main__:main:114 - I just loved a movie! It was exciting.
2025-08-31 19:32:13.998 | INFO     | __main__:main:114 - I just shared a story! It was exciting.
2025-08-31 19:32:17.001 | INFO     | __main__:main:114 - I just found a meme! It was weird.
2025-08-31 19:32:20.003 | INFO     | __main__:main:114 - I just loved a story! It was exciting.
2025-08-31 19:32:23.005 | INFO     | __main__:main:114 - I just tried an app! It was exciting.
2025-08-31 19:32:26.008 | INFO     | __main__:main:114 - I just saw a meme! It was amazing.
2025-08-31 19:32:29.010 | INFO     | __main__:main:114 - I just loved a story! It was exciting.
2025-08-31 19:32:32.011 | INFO     | __main__:main:114 - I just loved an app! It was weird.
2025-08-31 19:32:35.012 | INFO     | __main__:main:114 - I just saw a story! It was boring.
2025-08-31 19:32:38.013 | INFO     | __main__:main:114 - I just shared a meme! It was funny.
2025-08-31 19:32:41.015 | INFO     | __main__:main:114 - I just saw a story! It was weird.
2025-08-31 19:32:44.017 | INFO     | __main__:main:114 - I just loved a trick! It was exciting.
2025-08-31 19:32:47.020 | INFO     | __main__:main:114 - I just tried a movie! It was funny.
2025-08-31 19:32:50.020 | INFO     | __main__:main:114 - I just shared a meme! It was weird.
2025-08-31 19:32:53.023 | INFO     | __main__:main:114 - I just saw a story! It was boring.
2025-08-31 19:32:56.024 | INFO     | __main__:main:114 - I just found an app! It was amazing.
2025-08-31 19:32:59.025 | INFO     | __main__:main:114 - I just shared a trick! It was amazing.
2025-08-31 19:33:02.029 | INFO     | __main__:main:114 - I just saw a meme! It was weird.
2025-08-31 19:33:05.030 | INFO     | __main__:main:114 - I just shared an app! It was exciting.
2025-08-31 19:33:08.033 | INFO     | __main__:main:114 - I just found a story! It was exciting.
2025-08-31 19:33:11.034 | INFO     | __main__:main:114 - I just tried a movie! It was funny.
2025-08-31 19:33:14.036 | INFO     | __main__:main:114 - I just saw a meme! It was exciting.
2025-08-31 19:33:17.038 | INFO     | __main__:main:114 - I just shared a trick! It was amazing.
2025-08-31 19:33:20.041 | INFO     | __main__:main:114 - I just shared an app! It was amazing.
2025-08-31 19:33:23.044 | INFO     | __main__:main:114 - I just tried an app! It was amazing.
2025-08-31 19:33:26.046 | INFO     | __main__:main:114 - I just tried a movie! It was funny.
2025-08-31 19:33:29.049 | INFO     | __main__:main:114 - I just loved a movie! It was amazing.
2025-08-31 19:33:32.051 | INFO     | __main__:main:114 - I just saw a story! It was boring.
2025-08-31 19:33:35.053 | INFO     | __main__:main:114 - I just tried a meme! It was amazing.
2025-08-31 19:33:38.056 | INFO     | __main__:main:114 - I just tried an app! It was exciting.
2025-08-31 19:33:41.058 | INFO     | __main__:main:114 - I just tried a story! It was weird.
2025-08-31 19:33:44.059 | INFO     | __main__:main:114 - I just shared an app! It was exciting.
2025-08-31 19:33:47.060 | INFO     | __main__:main:114 - I just shared a trick! It was funny.
2025-08-31 19:33:50.062 | INFO     | __main__:main:114 - I just loved a movie! It was amazing.
2025-08-31 19:33:53.063 | INFO     | __main__:main:114 - I just found a story! It was amazing.
2025-08-31 19:33:56.065 | INFO     | __main__:main:114 - I just saw a meme! It was boring.
2025-08-31 19:33:59.067 | INFO     | __main__:main:114 - I just tried a movie! It was funny.
2025-08-31 19:34:02.069 | INFO     | __main__:main:114 - I just found an app! It was amazing.
2025-08-31 19:34:05.071 | INFO     | __main__:main:114 - I just shared a trick! It was boring.
2025-08-31 19:34:08.074 | INFO     | __main__:main:114 - I just shared an app! It was funny.
2025-08-31 19:34:11.076 | INFO     | __main__:main:114 - I just found an app! It was amazing.
2025-08-31 19:34:14.079 | INFO     | __main__:main:114 - I just saw an app! It was amazing.
2025-08-31 19:34:17.080 | INFO     | __main__:main:114 - I just found a movie! It was weird.
2025-08-31 19:34:20.081 | INFO     | __main__:main:114 - I just found a meme! It was funny.
2025-08-31 19:34:23.082 | INFO     | __main__:main:114 - I just shared a movie! It was boring.
2025-08-31 19:34:26.084 | INFO     | __main__:main:114 - I just saw an app! It was weird.
2025-08-31 19:34:29.088 | INFO     | __main__:main:114 - I just tried a movie! It was funny.
2025-08-31 19:34:32.091 | INFO     | __main__:main:114 - I just tried an app! It was weird.
2025-08-31 19:34:35.092 | INFO     | __main__:main:114 - I just loved a story! It was boring.
2025-08-31 19:34:38.094 | INFO     | __main__:main:114 - I just saw an app! It was weird.
2025-08-31 19:34:41.096 | INFO     | __main__:main:114 - I just loved an app! It was boring.
2025-08-31 19:34:44.098 | INFO     | __main__:main:114 - I just shared a movie! It was exciting.
2025-08-31 19:34:47.099 | INFO     | __main__:main:114 - I just shared a story! It was exciting.
2025-08-31 19:34:50.101 | INFO     | __main__:main:114 - I just found a story! It was exciting.
2025-08-31 19:34:53.102 | INFO     | __main__:main:114 - I just shared an app! It was weird.
2025-08-31 19:34:56.104 | INFO     | __main__:main:114 - I just found a trick! It was amazing.
2025-08-31 19:34:59.106 | INFO     | __main__:main:114 - I just shared a movie! It was amazing.
2025-08-31 19:35:02.110 | INFO     | __main__:main:114 - I just found a trick! It was funny.
2025-08-31 19:35:05.112 | INFO     | __main__:main:114 - I just saw an app! It was amazing.
2025-08-31 19:35:08.114 | INFO     | __main__:main:114 - I just saw an app! It was exciting.
2025-08-31 19:35:11.116 | INFO     | __main__:main:114 - I just found a meme! It was boring.
2025-08-31 19:35:14.117 | INFO     | __main__:main:114 - I just loved an app! It was funny.
2025-08-31 19:35:17.119 | INFO     | __main__:main:114 - I just found an app! It was weird.
2025-08-31 19:35:20.121 | INFO     | __main__:main:114 - I just loved a movie! It was funny.
2025-08-31 19:35:23.123 | INFO     | __main__:main:114 - I just saw a movie! It was exciting.
2025-08-31 19:35:26.125 | INFO     | __main__:main:114 - I just shared a trick! It was funny.
2025-08-31 19:35:29.128 | INFO     | __main__:main:114 - I just tried an app! It was amazing.
2025-08-31 19:35:32.131 | INFO     | __main__:main:114 - I just loved a story! It was boring.
2025-08-31 19:35:35.135 | INFO     | __main__:main:114 - I just shared an app! It was weird.
2025-08-31 19:35:38.136 | INFO     | __main__:main:114 - I just found a trick! It was funny.
2025-08-31 19:35:41.139 | INFO     | __main__:main:114 - I just saw a meme! It was exciting.
2025-08-31 19:35:44.140 | INFO     | __main__:main:114 - I just loved an app! It was weird.
2025-08-31 19:35:47.140 | INFO     | __main__:main:114 - I just shared a story! It was exciting.
2025-08-31 19:35:50.143 | INFO     | __main__:main:114 - I just shared a movie! It was exciting.
2025-08-31 19:35:53.144 | INFO     | __main__:main:114 - I just tried a trick! It was amazing.
2025-08-31 19:35:56.147 | INFO     | __main__:main:114 - I just found a meme! It was amazing.
2025-08-31 19:35:59.149 | INFO     | __main__:main:114 - I just shared an app! It was weird.
2025-08-31 19:36:02.152 | INFO     | __main__:main:114 - I just tried a movie! It was boring.
2025-08-31 19:36:05.153 | INFO     | __main__:main:114 - I just shared a meme! It was weird.
2025-08-31 19:36:08.154 | INFO     | __main__:main:114 - I just shared a story! It was weird.
2025-08-31 19:36:11.157 | INFO     | __main__:main:114 - I just found a movie! It was funny.
2025-08-31 19:36:14.157 | INFO     | __main__:main:114 - I just loved a meme! It was amazing.
2025-08-31 19:36:17.159 | INFO     | __main__:main:114 - I just saw a movie! It was funny.
2025-08-31 19:36:20.162 | INFO     | __main__:main:114 - I just found a story! It was funny.
2025-08-31 19:36:23.164 | INFO     | __main__:main:114 - I just loved a story! It was exciting.
2025-08-31 19:36:26.165 | INFO     | __main__:main:114 - I just saw an app! It was exciting.
2025-08-31 19:36:29.166 | INFO     | __main__:main:114 - I just tried a movie! It was funny.
2025-08-31 19:36:32.168 | INFO     | __main__:main:114 - I just saw a meme! It was boring.
2025-08-31 19:36:35.171 | INFO     | __main__:main:114 - I just found a meme! It was exciting.
2025-08-31 19:36:38.172 | INFO     | __main__:main:114 - I just shared a story! It was exciting.
2025-08-31 19:36:41.174 | INFO     | __main__:main:114 - I just tried a story! It was boring.
2025-08-31 19:36:44.177 | INFO     | __main__:main:114 - I just saw a trick! It was amazing.
2025-08-31 19:36:47.178 | INFO     | __main__:main:114 - I just found a trick! It was exciting.
2025-08-31 19:36:50.181 | INFO     | __main__:main:114 - I just found an app! It was weird.
2025-08-31 19:36:53.184 | INFO     | __main__:main:114 - I just found a meme! It was weird.
2025-08-31 19:36:56.187 | INFO     | __main__:main:114 - I just loved a movie! It was amazing.
2025-08-31 19:36:59.189 | INFO     | __main__:main:114 - I just shared an app! It was weird.
2025-08-31 19:37:02.192 | INFO     | __main__:main:114 - I just tried a story! It was boring.
2025-08-31 19:37:05.193 | INFO     | __main__:main:114 - I just shared a meme! It was weird.
2025-08-31 19:37:08.194 | INFO     | __main__:main:114 - I just loved a story! It was amazing.
2025-08-31 19:37:11.195 | INFO     | __main__:main:114 - I just saw a meme! It was amazing.
2025-08-31 19:37:14.196 | INFO     | __main__:main:114 - I just shared a trick! It was weird.
2025-08-31 19:37:17.199 | INFO     | __main__:main:114 - I just found a story! It was weird.
2025-08-31 19:37:20.201 | INFO     | __main__:main:114 - I just loved an app! It was amazing.
2025-08-31 19:37:23.205 | INFO     | __main__:main:114 - I just found a movie! It was weird.
2025-08-31 19:37:26.207 | INFO     | __main__:main:114 - I just tried a trick! It was weird.
2025-08-31 19:37:29.210 | INFO     | __main__:main:114 - I just shared an app! It was weird.
2025-08-31 19:37:32.212 | INFO     | __main__:main:114 - I just saw an app! It was boring.
2025-08-31 19:37:35.215 | INFO     | __main__:main:114 - I just found a trick! It was funny.
2025-08-31 19:37:38.217 | INFO     | __main__:main:114 - I just tried a movie! It was exciting.
2025-08-31 19:37:41.219 | INFO     | __main__:main:114 - I just shared a trick! It was amazing.
2025-08-31 19:37:44.221 | INFO     | __main__:main:114 - I just shared a story! It was weird.
2025-08-31 19:37:47.223 | INFO     | __main__:main:114 - I just found a story! It was funny.
2025-08-31 19:37:50.225 | INFO     | __main__:main:114 - I just tried an app! It was weird.
2025-08-31 19:37:53.227 | INFO     | __main__:main:114 - I just shared a trick! It was exciting.
2025-08-31 19:37:56.230 | INFO     | __main__:main:114 - I just saw a trick! It was boring.
2025-08-31 19:37:59.232 | INFO     | __main__:main:114 - I just found a meme! It was funny.
2025-08-31 19:38:02.235 | INFO     | __main__:main:114 - I just tried a story! It was boring.
2025-08-31 19:38:05.237 | INFO     | __main__:main:114 - I just found a meme! It was exciting.
2025-08-31 19:38:08.240 | INFO     | __main__:main:114 - I just saw a trick! It was weird.
2025-08-31 19:38:11.241 | INFO     | __main__:main:114 - I just loved a meme! It was boring.
2025-08-31 19:38:14.242 | INFO     | __main__:main:114 - I just loved a trick! It was amazing.
2025-08-31 19:38:17.245 | INFO     | __main__:main:114 - I just saw a meme! It was exciting.
2025-08-31 19:38:20.247 | INFO     | __main__:main:114 - I just shared a meme! It was funny.
2025-08-31 19:38:23.250 | INFO     | __main__:main:114 - I just found a meme! It was exciting.
2025-08-31 19:38:26.253 | INFO     | __main__:main:114 - I just found a trick! It was funny.
2025-08-31 19:38:29.256 | INFO     | __main__:main:114 - I just found a story! It was weird.
2025-08-31 19:38:32.258 | INFO     | __main__:main:114 - I just loved a story! It was boring.
2025-08-31 19:38:35.261 | INFO     | __main__:main:114 - I just shared a story! It was weird.
2025-08-31 19:38:38.263 | INFO     | __main__:main:114 - I just found a meme! It was weird.
2025-08-31 19:38:41.265 | INFO     | __main__:main:114 - I just shared a movie! It was boring.
2025-08-31 19:38:44.268 | INFO     | __main__:main:114 - I just tried a movie! It was weird.
2025-08-31 19:38:47.269 | INFO     | __main__:main:114 - I just loved a trick! It was amazing.
2025-08-31 19:38:50.272 | INFO     | __main__:main:114 - I just tried an app! It was weird.
2025-08-31 19:38:53.274 | INFO     | __main__:main:114 - I just shared an app! It was amazing.
2025-08-31 19:38:56.275 | INFO     | __main__:main:114 - I just found a movie! It was weird.
2025-08-31 19:38:59.277 | INFO     | __main__:main:114 - I just loved an app! It was boring.
2025-08-31 19:39:02.278 | INFO     | __main__:main:114 - I just found a trick! It was amazing.
2025-08-31 19:39:05.281 | INFO     | __main__:main:114 - I just loved an app! It was amazing.
2025-08-31 19:39:08.283 | INFO     | __main__:main:114 - I just tried an app! It was funny.
2025-08-31 19:39:11.285 | INFO     | __main__:main:114 - I just shared a trick! It was boring.
2025-08-31 19:39:14.287 | INFO     | __main__:main:114 - I just found a meme! It was weird.
2025-08-31 19:39:17.288 | INFO     | __main__:main:114 - I just shared a story! It was boring.
2025-08-31 19:39:20.290 | INFO     | __main__:main:114 - I just tried an app! It was boring.
2025-08-31 19:39:23.293 | INFO     | __main__:main:114 - I just shared a trick! It was weird.
2025-08-31 19:39:26.294 | INFO     | __main__:main:114 - I just tried a meme! It was exciting.
2025-08-31 19:39:29.297 | INFO     | __main__:main:114 - I just found a story! It was amazing.
2025-08-31 19:39:32.300 | INFO     | __main__:main:114 - I just tried a story! It was amazing.
2025-08-31 19:39:35.302 | INFO     | __main__:main:114 - I just shared a meme! It was exciting.
2025-08-31 19:39:38.304 | INFO     | __main__:main:114 - I just saw a trick! It was weird.
2025-08-31 19:39:41.306 | INFO     | __main__:main:114 - I just saw a story! It was amazing.
2025-08-31 19:39:44.309 | INFO     | __main__:main:114 - I just saw a meme! It was weird.
2025-08-31 19:39:47.312 | INFO     | __main__:main:114 - I just tried a trick! It was exciting.
2025-08-31 19:39:50.313 | INFO     | __main__:main:114 - I just shared a meme! It was weird.
2025-08-31 19:39:53.317 | INFO     | __main__:main:114 - I just loved a story! It was funny.
2025-08-31 19:39:56.320 | INFO     | __main__:main:114 - I just shared a story! It was funny.
2025-08-31 19:39:59.322 | INFO     | __main__:main:114 - I just shared a trick! It was exciting.
2025-08-31 19:40:02.326 | INFO     | __main__:main:114 - I just found a story! It was boring.
2025-08-31 19:40:05.328 | INFO     | __main__:main:114 - I just tried a movie! It was weird.
2025-08-31 19:40:08.329 | INFO     | __main__:main:114 - I just saw a meme! It was weird.
2025-08-31 19:40:11.332 | INFO     | __main__:main:114 - I just found a meme! It was weird.
2025-08-31 19:40:14.334 | INFO     | __main__:main:114 - I just shared a trick! It was funny.
2025-08-31 19:40:17.336 | INFO     | __main__:main:114 - I just loved an app! It was amazing.
2025-08-31 19:40:20.337 | INFO     | __main__:main:114 - I just found a trick! It was exciting.
2025-08-31 19:40:23.339 | INFO     | __main__:main:114 - I just shared a movie! It was amazing.
2025-08-31 19:40:26.342 | INFO     | __main__:main:114 - I just found an app! It was exciting.
2025-08-31 19:40:29.345 | INFO     | __main__:main:114 - I just found a meme! It was weird.
2025-08-31 19:40:32.347 | INFO     | __main__:main:114 - I just found a trick! It was boring.
2025-08-31 19:40:35.350 | INFO     | __main__:main:114 - I just found an app! It was funny.
2025-08-31 19:40:38.351 | INFO     | __main__:main:114 - I just loved a movie! It was amazing.
2025-08-31 19:40:41.353 | INFO     | __main__:main:114 - I just found an app! It was weird.
2025-08-31 19:40:44.354 | INFO     | __main__:main:114 - I just saw a trick! It was exciting.
2025-08-31 19:40:47.358 | INFO     | __main__:main:114 - I just loved a movie! It was funny.
2025-08-31 19:40:50.360 | INFO     | __main__:main:114 - I just found a movie! It was weird.
2025-08-31 19:40:53.363 | INFO     | __main__:main:114 - I just found a movie! It was amazing.
2025-08-31 19:40:56.365 | INFO     | __main__:main:114 - I just tried a trick! It was amazing.
2025-08-31 19:40:59.366 | INFO     | __main__:main:114 - I just loved a story! It was exciting.
2025-08-31 19:41:02.369 | INFO     | __main__:main:114 - I just saw an app! It was exciting.
2025-08-31 19:41:05.371 | INFO     | __main__:main:114 - I just tried a meme! It was amazing.
2025-08-31 19:41:08.374 | INFO     | __main__:main:114 - I just found a trick! It was boring.
2025-08-31 19:41:11.376 | INFO     | __main__:main:114 - I just loved a trick! It was weird.
2025-08-31 19:41:14.379 | INFO     | __main__:main:114 - I just found an app! It was weird.
2025-08-31 19:41:17.381 | INFO     | __main__:main:114 - I just loved a trick! It was funny.
2025-08-31 19:41:20.383 | INFO     | __main__:main:114 - I just shared an app! It was boring.
2025-08-31 19:41:23.385 | INFO     | __main__:main:114 - I just shared a movie! It was funny.
2025-08-31 19:41:26.388 | INFO     | __main__:main:114 - I just shared a movie! It was funny.
2025-08-31 19:41:29.389 | INFO     | __main__:main:114 - I just loved a movie! It was boring.
2025-08-31 19:41:32.390 | INFO     | __main__:main:114 - I just found a movie! It was exciting.
2025-08-31 19:41:35.392 | INFO     | __main__:main:114 - I just tried an app! It was boring.
2025-08-31 19:41:38.394 | INFO     | __main__:main:114 - I just found an app! It was funny.
2025-08-31 19:41:41.396 | INFO     | __main__:main:114 - I just shared an app! It was exciting.
2025-08-31 19:41:44.399 | INFO     | __main__:main:114 - I just saw a meme! It was exciting.
2025-08-31 19:41:47.402 | INFO     | __main__:main:114 - I just loved a story! It was amazing.
2025-08-31 19:41:50.404 | INFO     | __main__:main:114 - I just found a trick! It was exciting.
2025-08-31 19:41:53.406 | INFO     | __main__:main:114 - I just shared a story! It was exciting.
2025-08-31 19:41:56.408 | INFO     | __main__:main:114 - I just loved a story! It was amazing.
2025-08-31 19:41:59.411 | INFO     | __main__:main:114 - I just loved an app! It was weird.
2025-08-31 19:42:02.413 | INFO     | __main__:main:114 - I just found a trick! It was funny.
2025-08-31 19:42:05.416 | INFO     | __main__:main:114 - I just found a trick! It was weird.
2025-08-31 19:42:08.418 | INFO     | __main__:main:114 - I just loved an app! It was weird.
2025-08-31 19:42:11.420 | INFO     | __main__:main:114 - I just found a meme! It was amazing.
2025-08-31 19:42:14.422 | INFO     | __main__:main:114 - I just loved a movie! It was amazing.
2025-08-31 19:42:17.424 | INFO     | __main__:main:114 - I just loved a trick! It was exciting.
2025-08-31 19:42:20.427 | INFO     | __main__:main:114 - I just tried a trick! It was exciting.
2025-08-31 19:42:23.430 | INFO     | __main__:main:114 - I just saw an app! It was boring.
2025-08-31 19:42:26.433 | INFO     | __main__:main:114 - I just shared a story! It was weird.
2025-08-31 19:42:29.435 | INFO     | __main__:main:114 - I just saw a movie! It was funny.
2025-08-31 19:42:32.437 | INFO     | __main__:main:114 - I just shared an app! It was exciting.
2025-08-31 19:42:35.438 | INFO     | __main__:main:114 - I just tried a movie! It was boring.
2025-08-31 19:42:38.441 | INFO     | __main__:main:114 - I just loved a meme! It was exciting.
2025-08-31 19:42:41.443 | INFO     | __main__:main:114 - I just loved a movie! It was amazing.
2025-08-31 19:42:44.445 | INFO     | __main__:main:114 - I just saw a trick! It was exciting.
2025-08-31 19:42:47.448 | INFO     | __main__:main:114 - I just loved a movie! It was funny.
2025-08-31 19:42:50.451 | INFO     | __main__:main:114 - I just shared a story! It was amazing.
2025-08-31 19:42:53.454 | INFO     | __main__:main:114 - I just shared an app! It was exciting.
2025-08-31 19:42:56.456 | INFO     | __main__:main:114 - I just loved a meme! It was boring.
2025-08-31 19:42:59.459 | INFO     | __main__:main:114 - I just loved a story! It was funny.
2025-08-31 19:43:02.461 | INFO     | __main__:main:114 - I just shared a meme! It was exciting.
2025-08-31 19:43:05.464 | INFO     | __main__:main:114 - I just loved a movie! It was funny.
2025-08-31 19:43:08.466 | INFO     | __main__:main:114 - I just shared a story! It was amazing.
2025-08-31 19:43:11.469 | INFO     | __main__:main:114 - I just shared a meme! It was boring.
2025-08-31 19:43:14.471 | INFO     | __main__:main:114 - I just saw a trick! It was boring.
2025-08-31 19:43:17.473 | INFO     | __main__:main:114 - I just loved a movie! It was funny.
2025-08-31 19:43:20.475 | INFO     | __main__:main:114 - I just shared a trick! It was exciting.
2025-08-31 19:43:23.477 | INFO     | __main__:main:114 - I just loved a meme! It was boring.
2025-08-31 19:43:26.480 | INFO     | __main__:main:114 - I just loved an app! It was boring.
2025-08-31 19:43:29.482 | INFO     | __main__:main:114 - I just found a trick! It was exciting.
2025-08-31 19:43:32.485 | INFO     | __main__:main:114 - I just loved a meme! It was exciting.
2025-08-31 19:43:35.488 | INFO     | __main__:main:114 - I just saw a story! It was amazing.
2025-08-31 19:43:38.490 | INFO     | __main__:main:114 - I just tried an app! It was amazing.
2025-08-31 19:43:41.492 | INFO     | __main__:main:114 - I just shared a meme! It was funny.
2025-08-31 19:43:44.494 | INFO     | __main__:main:114 - I just found a story! It was weird.
2025-08-31 19:43:47.497 | INFO     | __main__:main:114 - I just tried a movie! It was funny.
2025-08-31 19:43:50.500 | INFO     | __main__:main:114 - I just shared a story! It was weird.
2025-08-31 19:43:53.503 | INFO     | __main__:main:114 - I just shared a meme! It was funny.
2025-08-31 20:18:35.996 | INFO     | utils.utils_logger:<module>:38 - Logging to file: logs\project_log.log
2025-08-31 20:18:35.997 | INFO     | __main__:main:106 - START producer...
2025-08-31 20:18:35.998 | INFO     | __main__:main:107 - Hit CTRL c (or CMD c) to close.
2025-08-31 20:18:35.998 | INFO     | __main__:get_message_interval:53 - Messages will be sent every 3 seconds.
2025-08-31 20:18:35.998 | INFO     | __main__:main:114 - I just tried a meme! It was funny.
2025-08-31 20:23:06.690 | INFO     | utils.utils_logger:<module>:38 - Logging to file: logs\project_log.log
2025-08-31 20:23:06.692 | INFO     | __main__:main:106 - START producer...
2025-08-31 20:23:06.693 | INFO     | __main__:main:107 - Hit CTRL c (or CMD c) to close.
2025-08-31 20:23:06.693 | INFO     | __main__:get_message_interval:53 - Messages will be sent every 3 seconds.
2025-08-31 20:23:06.693 | INFO     | __main__:main:114 - I just sprinted an alley-oop! It was thrilling.
2025-08-31 20:23:09.694 | INFO     | __main__:main:114 - I just sprinted a three-pointer! It was thrilling.
2025-08-31 20:23:12.695 | INFO     | __main__:main:114 - I just blocked an alley-oop! It was dominant.
2025-08-31 20:23:15.698 | INFO     | __main__:main:114 - I just dunked a fast break! It was thrilling.
2025-08-31 20:23:18.700 | INFO     | __main__:main:114 - I just blocked a buzzer-beater! It was dominant.
2025-08-31 20:23:21.703 | INFO     | __main__:main:114 - I just dunked a fast break! It was dominant.
2025-08-31 20:23:24.705 | INFO     | __main__:main:114 - I just assisted an alley-oop! It was fast-paced.
2025-08-31 20:23:27.708 | INFO     | __main__:main:114 - I just sprinted a three-pointer! It was unbelievable.
2025-08-31 20:23:30.710 | INFO     | __main__:main:114 - I just blocked a steal! It was dominant.
2025-08-31 20:23:33.713 | INFO     | __main__:main:114 - I just dunked an alley-oop! It was amazing.
2025-08-31 20:23:36.715 | INFO     | __main__:main:114 - I just blocked a three-pointer! It was fast-paced.
2025-08-31 20:23:39.717 | INFO     | __main__:main:114 - I just sprinted a buzzer-beater! It was thrilling.
2025-08-31 20:23:42.719 | INFO     | __main__:main:114 - I just sprinted a buzzer-beater! It was thrilling.
2025-08-31 20:23:45.721 | INFO     | __main__:main:114 - I just dunked an alley-oop! It was fast-paced.
